<?xml version="1.0" encoding="UTF-8" ?>
<testsuite errors="0" failures="1" hostname="FEDERICO-PC" name="com.google.gwt.sample.stockwatcher.StockWatcherSuite" skipped="0" tests="1" time="20.464" timestamp="2017-04-16T23:04:01">
  <properties>
[...]
</properties>
  <testcase classname="com.google.gwt.sample.stockwatcher.client.StockWatcherTest" name="testStockPriceCtor" time="19.874">
    <failure message="expected: within &lt;0.001&gt; of &lt;2.0&gt;, actual: &lt;2.857142857142857&gt;" type="junit.framework.AssertionFailedError">junit.framework.AssertionFailedError: expected: within &lt;0.001&gt; of &lt;2.0&gt;, actual: &lt;2.857142857142857&gt;
	at com.google.gwt.sample.stockwatcher.client.StockWatcherTest.testStockPriceCtor(StockWatcherTest.java:38)
	at com.google.gwt.junit.client.impl.GWTTestAccessor.invoke(GWTTestAccessor.java:39)
	at com.google.gwt.junit.client.impl.GWTRunner.executeTestMethod(GWTRunner.java:226)
	at com.google.gwt.junit.client.GWTTestCase.doRunTest(GWTTestCase.java:157)
	at com.google.gwt.junit.client.GWTTestCase.runBare(GWTTestCase.java:151)
	at com.google.gwt.junit.client.GWTTestCase.__doRunTest(GWTTestCase.java:115)
	at com.google.gwt.junit.client.impl.GWTRunner.runTest(GWTRunner.java:302)
	at com.google.gwt.junit.client.impl.GWTRunner.doRunTest(GWTRunner.java:235)
	at com.google.gwt.junit.client.impl.GWTRunner.access$9(GWTRunner.java:229)
	at com.google.gwt.junit.client.impl.GWTRunner$TestBlockListener.onSuccess(GWTRunner.java:106)
	at com.google.gwt.junit.client.impl.GWTRunner$InitialResponseListener.onSuccess(GWTRunner.java:61)
	at com.google.gwt.junit.client.impl.GWTRunner$InitialResponseListener.onSuccess(GWTRunner.java:1)
	at com.google.gwt.user.client.rpc.impl.RequestCallbackAdapter.onResponseReceived(RequestCallbackAdapter.java:232)
	at com.google.gwt.http.client.Request.fireOnResponseReceived(Request.java:250)
	at com.google.gwt.http.client.RequestBuilder$1.onReadyStateChange(RequestBuilder.java:412)
	at com.google.gwt.dev.shell.MethodAdaptor.invoke(MethodAdaptor.java:103)
	at com.google.gwt.dev.shell.MethodDispatch.invoke(MethodDispatch.java:72)
	at com.google.gwt.dev.shell.OophmSessionHandler.invoke(OophmSessionHandler.java:172)
	at com.google.gwt.dev.shell.BrowserChannelServer.reactToMessagesWhileWaitingForReturn(BrowserChannelServer.java:341)
	at com.google.gwt.dev.shell.BrowserChannelServer.invokeJavascript(BrowserChannelServer.java:222)
	at com.google.gwt.dev.shell.ModuleSpaceOOPHM.doInvoke(ModuleSpaceOOPHM.java:121)
	at com.google.gwt.dev.shell.ModuleSpace.invokeNative(ModuleSpace.java:573)
	at com.google.gwt.dev.shell.ModuleSpace.invokeNativeObject(ModuleSpace.java:293)
	at com.google.gwt.dev.shell.JavaScriptHost.invokeNativeObject(JavaScriptHost.java:91)
	at com.google.gwt.core.client.impl.Impl.apply(Impl.java)
	at com.google.gwt.core.client.impl.Impl.entry0(Impl.java:298)
	at com.google.gwt.dev.shell.MethodAdaptor.invoke(MethodAdaptor.java:103)
	at com.google.gwt.dev.shell.MethodDispatch.invoke(MethodDispatch.java:72)
	at com.google.gwt.dev.shell.OophmSessionHandler.invoke(OophmSessionHandler.java:172)
	at com.google.gwt.dev.shell.BrowserChannelServer.reactToMessages(BrowserChannelServer.java:296)
	at com.google.gwt.dev.shell.BrowserChannelServer.processConnection(BrowserChannelServer.java:551)
	at com.google.gwt.dev.shell.BrowserChannelServer.run(BrowserChannelServer.java:368)
	at java.lang.Thread.run(Thread.java:745)
</failure>
  </testcase>
  <system-out><![CDATA[]]></system-out>
  <system-err><![CDATA[]]></system-err>
</testsuite>
